ProjectApp/color-blob-detection/build/intermediates/manifest_merge_blame_file/debug/manifest-merger-blame-debug-report.txt
1<?xml version="1.0" encoding="utf-8"?>
2<manifest xmlns:android="http://schemas.android.com/apk/res/android"
3    package="org.opencv.samples.colorblobdetect"
4    android:versionCode="301"
5    android:versionName="3.01" >
6
7    <uses-sdk
8        android:minSdkVersion="21"
8-->ProjectApp\color-blob-detection\AndroidManifest.xml
9        android:targetSdkVersion="33" />
9-->ProjectApp\color-blob-detection\AndroidManifest.xml
10
11    <uses-permission android:name="android.permission.CAMERA" />
11-->ProjectApp\color-blob-detection\AndroidManifest.xml:4:5-65
11-->ProjectApp\color-blob-detection\AndroidManifest.xml:4:22-62
12
13    <supports-screens
13-->ProjectApp\color-blob-detection\AndroidManifest.xml:25:5-29:51
14        android:anyDensity="true"
14-->ProjectApp\color-blob-detection\AndroidManifest.xml:29:23-48
15        android:largeScreens="true"
15-->ProjectApp\color-blob-detection\AndroidManifest.xml:28:23-50
16        android:normalScreens="true"
16-->ProjectApp\color-blob-detection\AndroidManifest.xml:27:23-51
17        android:resizeable="true"
17-->ProjectApp\color-blob-detection\AndroidManifest.xml:25:23-48
18        android:smallScreens="true" />
18-->ProjectApp\color-blob-detection\AndroidManifest.xml:26:23-50
19
20    <uses-permission android:name="android.permission.CAMERA" />
20-->ProjectApp\color-blob-detection\AndroidManifest.xml:4:5-65
20-->ProjectApp\color-blob-detection\AndroidManifest.xml:4:22-62
21
22    <uses-feature
22-->ProjectApp\color-blob-detection\AndroidManifest.xml:33:5-84
23        android:name="android.hardware.camera"
23-->ProjectApp\color-blob-detection\AndroidManifest.xml:33:19-57
24        android:required="false" />
24-->ProjectApp\color-blob-detection\AndroidManifest.xml:33:58-82
25    <uses-feature
25-->ProjectApp\color-blob-detection\AndroidManifest.xml:34:5-94
26        android:name="android.hardware.camera.autofocus"
26-->ProjectApp\color-blob-detection\AndroidManifest.xml:34:19-67
27        android:required="false" />
27-->ProjectApp\color-blob-detection\AndroidManifest.xml:34:68-92
28    <uses-feature
28-->ProjectApp\color-blob-detection\AndroidManifest.xml:35:5-90
29        android:name="android.hardware.camera.front"
29-->ProjectApp\color-blob-detection\AndroidManifest.xml:35:19-63
30        android:required="false" />
30-->ProjectApp\color-blob-detection\AndroidManifest.xml:35:64-88
31    <uses-feature
31-->ProjectApp\color-blob-detection\AndroidManifest.xml:36:5-100
32        android:name="android.hardware.camera.front.autofocus"
32-->ProjectApp\color-blob-detection\AndroidManifest.xml:36:19-73
33        android:required="false" />
33-->ProjectApp\color-blob-detection\AndroidManifest.xml:36:74-98
34
35    <application
35-->ProjectApp\color-blob-detection\AndroidManifest.xml:7:5-23:19
36        android:debuggable="true"
37        android:icon="@drawable/icon"
37-->ProjectApp\color-blob-detection\AndroidManifest.xml:9:9-38
38        android:label="@string/app_name"
38-->ProjectApp\color-blob-detection\AndroidManifest.xml:8:9-41
39        android:testOnly="true"
40        android:theme="@android:style/Theme.NoTitleBar.Fullscreen" >
40-->ProjectApp\color-blob-detection\AndroidManifest.xml:10:9-67
41        <activity
41-->ProjectApp\color-blob-detection\AndroidManifest.xml:12:9-22:20
42            android:name="org.opencv.samples.colorblobdetect.ColorBlobDetectionActivity"
42-->ProjectApp\color-blob-detection\AndroidManifest.xml:14:19-60
43            android:configChanges="keyboardHidden|orientation"
43-->ProjectApp\color-blob-detection\AndroidManifest.xml:17:19-69
44            android:exported="true"
44-->ProjectApp\color-blob-detection\AndroidManifest.xml:13:19-42
45            android:label="@string/app_name"
45-->ProjectApp\color-blob-detection\AndroidManifest.xml:15:19-51
46            android:screenOrientation="landscape" >
46-->ProjectApp\color-blob-detection\AndroidManifest.xml:16:19-56
47            <intent-filter>
47-->ProjectApp\color-blob-detection\AndroidManifest.xml:18:13-21:29
48                <action android:name="android.intent.action.MAIN" />
48-->ProjectApp\color-blob-detection\AndroidManifest.xml:19:17-69
48-->ProjectApp\color-blob-detection\AndroidManifest.xml:19:25-66
49
50                <category android:name="android.intent.category.LAUNCHER" />
50-->ProjectApp\color-blob-detection\AndroidManifest.xml:20:17-77
50-->ProjectApp\color-blob-detection\AndroidManifest.xml:20:27-74
51            </intent-filter>
52        </activity>
53    </application>
54
55</manifest>